<?xml version="1.0" encoding="UTF-8"?>
<!-- Generated by org.testng.reporters.JUnitReportReporter -->
<testsuite skipped="0" hostname="HML-058" name="com.NaveenAutomationLabsTask.testScripts.testCases.TestCase_001_AgentNameVerification" tests="1" failures="0" timestamp="06 Apr 2019 09:48:48 GMT" time="16.465" errors="0">
  <testcase name="testSearchCity" time="16.465" classname="com.NaveenAutomationLabsTask.testScripts.testCases.TestCase_001_AgentNameVerification"/>
</testsuite> <!-- com.NaveenAutomationLabsTask.testScripts.testCases.TestCase_001_AgentNameVerification -->
