<?xml version="1.0" encoding="UTF-8"?>
<!-- Generated by org.testng.reporters.JUnitReportReporter -->
<testsuite skipped="0" hostname="HML-058" name="com.NaveenAutomationLabsTask.testScripts.HomePage.HomePageTest" tests="1" failures="0" timestamp="06 Apr 2019 08:29:19 GMT" time="22.464" errors="0">
  <testcase name="testSearchCity" time="22.464" classname="com.NaveenAutomationLabsTask.testScripts.HomePage.HomePageTest"/>
</testsuite> <!-- com.NaveenAutomationLabsTask.testScripts.HomePage.HomePageTest -->
